[Mon, Sep  1, 2025  6:40:51 PM] Estructura creada por Cristian. Torneo listo para cargar jugadores y eventos.
[Mon, Sep  1, 2025  6:42:36 PM] Jugador creado: Cri → carpeta: cri
[Mon, Sep  1, 2025  6:42:36 PM] Jugador creado: Borra → carpeta: borra
[Mon, Sep  1, 2025  6:42:36 PM] Jugador creado: Luqui → carpeta: luqui
[Mon, Sep  1, 2025  6:42:36 PM] Jugador creado: H → carpeta: h
[Mon, Sep  1, 2025  6:42:37 PM] Jugador creado: Cefe → carpeta: cefe
[Mon, Sep  1, 2025  6:42:37 PM] Jugador creado: Choncho → carpeta: choncho
[Mon, Sep  1, 2025  6:42:37 PM] Jugador creado: Geri → carpeta: geri
[Mon, Sep  1, 2025  6:42:37 PM] Jugador creado: Ima → carpeta: ima
[Mon, Sep  1, 2025  6:42:38 PM] Jugador creado: Laucha → carpeta: laucha
[Mon, Sep  1, 2025  6:42:38 PM] Jugador creado: Pocho → carpeta: pocho
[Mon, Sep  1, 2025  6:42:38 PM] Jugador creado: Lobo → carpeta: lobo
[Mon, Sep  1, 2025  6:42:38 PM] Jugador creado: Lucho → carpeta: lucho
[Mon, Sep  1, 2025  6:42:39 PM] Jugador creado: Marcos → carpeta: marcos
[Mon, Sep  1, 2025  6:42:39 PM] Jugador creado: Maty → carpeta: maty
[Mon, Sep  1, 2025  6:42:39 PM] Jugador creado: Nico → carpeta: nico
[Mon, Sep  1, 2025  6:42:39 PM] Jugador creado: Osval → carpeta: osval
[Mon, Sep  1, 2025  6:42:39 PM] Jugador creado: Perro Loco → carpeta: perro_loco
[Mon, Sep  1, 2025  6:42:40 PM] Jugador creado: Rafa → carpeta: rafa
[Mon, Sep  1, 2025  6:42:40 PM] Jugador creado: Rovle → carpeta: rovle
[Mon, Sep  1, 2025  6:42:40 PM] Jugador creado: Tin → carpeta: tin
